<?xml version="1.0" encoding="UTF-8"?>
<testng-results ignored="0" total="1" passed="1" failed="0" skipped="0">
  <reporter-output>
  </reporter-output>
  <suite started-at="2025-06-16T11:37:35 IST" name="Suite" finished-at="2025-06-16T11:38:07 IST" duration-ms="31321">
    <groups>
    </groups>
    <test started-at="2025-06-16T11:37:35 IST" name="Test" finished-at="2025-06-16T11:38:07 IST" duration-ms="31321">
      <class name="com.nagarro.testcase.PaymentTestCase">
        <test-method is-config="true" signature="setUpSuite()[pri:0, instance:com.nagarro.testcase.PaymentTestCase@179ece50]" started-at="2025-06-16T11:37:35 IST" name="setUpSuite" finished-at="2025-06-16T11:37:35 IST" duration-ms="37" status="PASS">
          <reporter-output>
          </reporter-output>
        </test-method> <!-- setUpSuite -->
        <test-method is-config="true" signature="setUp()[pri:0, instance:com.nagarro.testcase.PaymentTestCase@179ece50]" started-at="2025-06-16T11:37:36 IST" name="setUp" finished-at="2025-06-16T11:37:47 IST" duration-ms="11313" status="PASS">
          <reporter-output>
          </reporter-output>
        </test-method> <!-- setUp -->
        <test-method signature="testcourses()[pri:1, instance:com.nagarro.testcase.PaymentTestCase@179ece50]" started-at="2025-06-16T11:37:47 IST" name="testcourses" finished-at="2025-06-16T11:38:06 IST" duration-ms="18376" status="PASS">
          <reporter-output>
          </reporter-output>
        </test-method> <!-- testcourses -->
        <test-method is-config="true" signature="tearDown()[pri:0, instance:com.nagarro.testcase.PaymentTestCase@179ece50]" started-at="2025-06-16T11:38:06 IST" name="tearDown" finished-at="2025-06-16T11:38:07 IST" duration-ms="1067" status="PASS">
          <reporter-output>
          </reporter-output>
        </test-method> <!-- tearDown -->
      </class> <!-- com.nagarro.testcase.PaymentTestCase -->
    </test> <!-- Test -->
  </suite> <!-- Suite -->
</testng-results>
